<?xml version="1.0" encoding="UTF-8"?>
<!-- Generated by org.testng.reporters.JUnitReportReporter -->
<testsuite hostname="LAPTOP-J7IILEPI" failures="0" tests="1" name="Module1_Test_Class.Testinggggg" time="54.240" errors="0" timestamp="2023-10-02T17:14:35 IST" skipped="0">
  <testcase classname="Module1_Test_Class.Testinggggg" name="kSelectProuduct" time="54.240"/>
</testsuite> <!-- Module1_Test_Class.Testinggggg -->
