<?xml version="1.0" encoding="UTF-8"?>
<!-- Generated by org.testng.reporters.JUnitReportReporter -->
<testsuite hostname="LAPTOP-J7IILEPI" failures="0" tests="1" name="Module_Test.Test_Class" time="29.036" errors="0" timestamp="2023-11-26T11:31:06 IST" skipped="0">
  <testcase classname="Module_Test.Test_Class" name="verifyusername" time="29.036"/>
</testsuite> <!-- Module_Test.Test_Class -->
